# Domain Name
#	Required AL
#	Class Skill
#	Ability
#	Choose
#	Selections
#	Source Page
#	Description
#	List of Domain Spells by Level
#Air
#	ABILITY:Domain|AUTOMATIC|Air
#	SOURCEPAGE:p.185
#	DESC:Turn or destroy earth creatures as a good cleric turns undead. Rebuke, command, or bolster air creatures as an evil cleric rebukes undead. Use these abilities a total number of times per day equal to 3 + your Charisma modifier. This granted power is a supernatural ability
#	SPELLLEVEL:DOMAIN|Air=1|Obscuring Mist|Air=2|Wind Wall|Air=3|Gaseous Form|Air=4|Air Walk|Air=5|Control Winds|Air=6|Chain Lightning|Air=7|Control Weather|Air=8|Whirlwind|Air=9|Elemental Swarm (Cast as an air spell only)
#Animal
#	CSKILL:Knowledge (Nature)
#	ABILITY:Domain|AUTOMATIC|Animal
#	SOURCEPAGE:p.186
#	DESC:You can use speak with animals once per day as a spell-like ability.
#	SPELLLEVEL:DOMAIN|Animal=1|Calm Animals|Animal=2|Hold Animal|Animal=3|Dominate Animal|Animal=4|Summon Nature's Ally IV|Animal=5|Commune with Nature|Animal=6|Antilife Shell|Animal=7|Animal Shapes|Animal=8|Summon Nature's Ally VIII|Animal=9|Shapechange
#Chaos
#	PREALIGN:CG,CN,CE
#	ABILITY:Domain|AUTOMATIC|Chaos
#	SOURCEPAGE:p.186
#	DESC:You cast chaos spells at +1 caster level.
#	SPELLLEVEL:DOMAIN|Chaos=1|Protection from Law|Chaos=2|Shatter|Chaos=3|Magic Circle against Law|Chaos=4|Chaos Hammer|Chaos=5|Dispel Law|Chaos=6|Animate Objects|Chaos=7|Word of Chaos|Chaos=8|Cloak of Chaos|Chaos=9|Summon Monster IX

#Civilization	ABILITY:Domain|AUTOMATIC|Civilisation
#Future
#Illusion
#Light
#Luck
#Sleep
#Technology
#the Future
